warning package.json: No license field
$ vite build
vite v4.3.9 building for production...
transforming...
✓ 157 modules transformed.
rendering chunks...
computing gzip size...
dist/client/vite-plugin-ssr.json                                       0.16 kB │ gzip:  0.14 kB
dist/client/manifest.json                                              2.68 kB │ gzip:  0.51 kB
dist/client/assets/static/logo.bebe2e90.svg                            5.79 kB │ gzip:  2.00 kB
dist/client/assets/static/index.page.f1aef519.css                      0.09 kB │ gzip:  0.10 kB
dist/client/assets/static/default.page.client.d4835ae9.css             0.15 kB │ gzip:  0.14 kB
dist/client/assets/entries/pages_about_index.page.b17fa79f.js          0.23 kB │ gzip:  0.19 kB
dist/client/assets/entries/renderer_error.page.18c0160c.js             0.32 kB │ gzip:  0.23 kB
dist/client/assets/entries/pages_index_index.page.fee7ac95.js          0.40 kB │ gzip:  0.28 kB
dist/client/assets/entries/entry-server-routing.d0d487c5.js            2.52 kB │ gzip:  1.15 kB
dist/client/assets/chunks/chunk-735224b2.js                            7.76 kB │ gzip:  2.89 kB
dist/client/assets/chunks/chunk-078aa1fb.js                           29.58 kB │ gzip: 10.29 kB
dist/client/assets/entries/entry-client-routing.e4bc8003.js           36.00 kB │ gzip: 11.72 kB
dist/client/assets/entries/renderer_default.page.client.7e175c66.js  135.56 kB │ gzip: 43.84 kB
vite v4.3.9 building SSR bundle for production...
transforming...
✓ 15 modules transformed.
rendering chunks...
dist/server/package.json                              0.02 kB
dist/server/importBuild.cjs                           0.36 kB
dist/server/chunks/chunk-ac9dafa4.js                  0.20 kB
dist/server/importBuild.mjs                           0.23 kB
dist/server/entries/pages_about_index-page.mjs        0.44 kB
dist/server/entries/renderer_error-page.mjs           0.61 kB
dist/server/entries/pages_index_index-page.mjs        0.79 kB
dist/server/pageFiles.mjs                             1.87 kB
dist/server/entries/renderer_default-page-server.mjs  3.76 kB
✓ built in 93ms
✓ built in 1.06s
